C:\src\pytool\edk2-pytool-library\BasicDevTests.py:21:35 - Unknown word (fobj)
C:\src\pytool\edk2-pytool-library\BasicDevTests.py:22:13 - Unknown word (fobj)
C:\src\pytool\edk2-pytool-library\BasicDevTests.py:48:35 - Unknown word (fobj)
C:\src\pytool\edk2-pytool-library\BasicDevTests.py:49:24 - Unknown word (fobj)
C:\src\pytool\edk2-pytool-library\BasicDevTests.py:66:1 - Unknown word (pyfiles)
C:\src\pytool\edk2-pytool-library\BasicDevTests.py:68:10 - Unknown word (pyfiles)
C:\src\pytool\edk2-pytool-library\BasicDevTests.py:79:51 - Unknown word (pyfiles)
C:\src\pytool\edk2-pytool-library\ConfirmVersionAndTag.py:15:1 - Unknown word (whlfile)
C:\src\pytool\edk2-pytool-library\ConfirmVersionAndTag.py:16:8 - Unknown word (whlfile)
C:\src\pytool\edk2-pytool-library\ConfirmVersionAndTag.py:17:21 - Unknown word (whlfile)
C:\src\pytool\edk2-pytool-library\ConfirmVersionAndTag.py:20:23 - Unknown word (whlfile)
C:\src\pytool\edk2-pytool-library\edk2toollib\acpi\dmar_parser.py:2:37 - Unknown word (DMAR)
C:\src\pytool\edk2-pytool-library\edk2toollib\acpi\dmar_parser.py:15:1 - Unknown word (DMAR)
C:\src\pytool\edk2-pytool-library\edk2toollib\acpi\dmar_parser.py:20:5 - Unknown word (DMAR)
C:\src\pytool\edk2-pytool-library\edk2toollib\acpi\dmar_parser.py:21:5 - Unknown word (DRDH)
C:\src\pytool\edk2-pytool-library\edk2toollib\acpi\dmar_parser.py:22:5 - Unknown word (RMRR)
C:\src\pytool\edk2-pytool-library\edk2toollib\acpi\dmar_parser.py:28:14 - Unknown word (dmar)
C:\src\pytool\edk2-pytool-library\edk2toollib\acpi\dmar_parser.py:29:36 - Unknown word (DMAR)
C:\src\pytool\edk2-pytool-library\edk2toollib\acpi\dmar_parser.py:32:37 - Unknown word (Remp)
C:\src\pytool\edk2-pytool-library\edk2toollib\acpi\dmar_parser.py:37:41 - Unknown word (DRHD)
C:\src\pytool\edk2-pytool-library\edk2toollib\acpi\dmar_parser.py:39:41 - Unknown word (RMRR)
C:\src\pytool\edk2-pytool-library\edk2toollib\acpi\dmar_parser.py:40:22 - Unknown word (dmar)
C:\src\pytool\edk2-pytool-library\edk2toollib\acpi\dmar_parser.py:42:41 - Unknown word (ATSR)
C:\src\pytool\edk2-pytool-library\edk2toollib\acpi\dmar_parser.py:44:41 - Unknown word (RHSA)
C:\src\pytool\edk2-pytool-library\edk2toollib\acpi\dmar_parser.py:47:22 - Unknown word (dmar)
C:\src\pytool\edk2-pytool-library\edk2toollib\acpi\dmar_parser.py:52:18 - Unknown word (dmar)
C:\src\pytool\edk2-pytool-library\edk2toollib\acpi\dmar_parser.py:80:14 - Unknown word (RMRR)
C:\src\pytool\edk2-pytool-library\edk2toollib\acpi\dmar_parser.py:88:17 - Unknown word (RMRR)
C:\src\pytool\edk2-pytool-library\edk2toollib\acpi\dmar_parser.py:107:19 - Unknown word (OEMID)
C:\src\pytool\edk2-pytool-library\edk2toollib\acpi\dmar_parser.py:134:48 - Unknown word (OEMID)
C:\src\pytool\edk2-pytool-library\edk2toollib\acpi\dmar_parser.py:143:27 - Unknown word (OEMID)
C:\src\pytool\edk2-pytool-library\edk2toollib\acpi\dmar_parser.py:143:47 - Unknown word (OEMID)
C:\src\pytool\edk2-pytool-library\edk2toollib\acpi\dmar_parser.py:166:11 - Unknown word (DRHD)
C:\src\pytool\edk2-pytool-library\edk2toollib\acpi\dmar_parser.py:167:27 - Unknown word (HHBBHQ)
C:\src\pytool\edk2-pytool-library\edk2toollib\acpi\dmar_parser.py:175:71 - Unknown word (DRHD)
C:\src\pytool\edk2-pytool-library\edk2toollib\acpi\dmar_parser.py:179:61 - Unknown word (DRDH)
C:\src\pytool\edk2-pytool-library\edk2toollib\acpi\dmar_parser.py:180:50 - Unknown word (DRDH)
C:\src\pytool\edk2-pytool-library\edk2toollib\acpi\dmar_parser.py:188:36 - Unknown word (DRHD)
C:\src\pytool\edk2-pytool-library\edk2toollib\acpi\dmar_parser.py:224:27 - Unknown word (HHHHQQ)
C:\src\pytool\edk2-pytool-library\edk2toollib\acpi\dmar_parser.py:290:11 - Unknown word (ATSR)
C:\src\pytool\edk2-pytool-library\edk2toollib\acpi\dmar_parser.py:291:27 - Unknown word (HHBBH)
C:\src\pytool\edk2-pytool-library\edk2toollib\acpi\dmar_parser.py:298:65 - Unknown word (ATSR)
C:\src\pytool\edk2-pytool-library\edk2toollib\acpi\dmar_parser.py:344:11 - Unknown word (RHSA)
C:\src\pytool\edk2-pytool-library\edk2toollib\acpi\dmar_parser.py:345:27 - Unknown word (HHIQI)
C:\src\pytool\edk2-pytool-library\edk2toollib\acpi\dmar_parser.py:352:67 - Unknown word (RHSA)
C:\src\pytool\edk2-pytool-library\edk2toollib\acpi\dmar_parser.py:355:36 - Unknown word (RHSA)
C:\src\pytool\edk2-pytool-library\edk2toollib\acpi\dmar_parser.py:415:27 - Unknown word (BBHBB)
C:\src\pytool\edk2-pytool-library\edk2toollib\acpi\dmar_parser.py:431:36 - Unknown word (IOAPIC)
C:\src\pytool\edk2-pytool-library\edk2toollib\gitignore_parser.py:7:18 - Unknown word (configurd)
C:\src\pytool\edk2-pytool-library\edk2toollib\log\ansi_handler.py:2:44 - Unknown word (comamnds)
C:\src\pytool\edk2-pytool-library\edk2toollib\log\ansi_handler.py:14:12 - Unknown word (ctypes)
C:\src\pytool\edk2-pytool-library\edk2toollib\log\ansi_handler.py:15:10 - Unknown word (ctypes)
C:\src\pytool\edk2-pytool-library\edk2toollib\log\ansi_handler.py:16:28 - Unknown word (ctypes)
C:\src\pytool\edk2-pytool-library\edk2toollib\log\ansi_handler.py:17:10 - Unknown word (ctypes)
C:\src\pytool\edk2-pytool-library\edk2toollib\log\ansi_handler.py:78:13 - Unknown word (csbi)
C:\src\pytool\edk2-pytool-library\edk2toollib\log\ansi_handler.py:80:31 - Unknown word (csbi)
C:\src\pytool\edk2-pytool-library\edk2toollib\log\ansi_handler.py:92:13 - Unknown word (csbi)
C:\src\pytool\edk2-pytool-library\edk2toollib\log\ansi_handler.py:94:31 - Unknown word (csbi)
C:\src\pytool\edk2-pytool-library\edk2toollib\log\ansi_handler.py:168:22 - Unknown word (ouputs)
C:\src\pytool\edk2-pytool-library\edk2toollib\log\junit_report_format_test.py:167:48 - Unknown word (Eror)
C:\src\pytool\edk2-pytool-library\edk2toollib\tpm\tpm2_defs.py:43:9 - Unknown word (RSAES)
C:\src\pytool\edk2-pytool-library\edk2toollib\tpm\tpm2_defs.py:44:9 - Unknown word (RSAPSS)
C:\src\pytool\edk2-pytool-library\edk2toollib\tpm\tpm2_defs.py:46:9 - Unknown word (ECDSA)
C:\src\pytool\edk2-pytool-library\edk2toollib\tpm\tpm2_defs.py:47:9 - Unknown word (ECDH)
C:\src\pytool\edk2-pytool-library\edk2toollib\tpm\tpm2_defs.py:50:9 - Unknown word (ECSCHNORR)
C:\src\pytool\edk2-pytool-library\edk2toollib\tpm\tpm2_defs.py:51:9 - Unknown word (ECMQV)
C:\src\pytool\edk2-pytool-library\edk2toollib\tpm\tpm2_defs.py:122:8 - Unknown word (ECDH)
C:\src\pytool\edk2-pytool-library\edk2toollib\tpm\tpm2_defs.py:135:8 - Unknown word (ECDH)
C:\src\pytool\edk2-pytool-library\edk2toollib\tpm\tpm2_defs.py:292:21 - Unknown word (ECDH)
C:\src\pytool\edk2-pytool-library\edk2toollib\tpm\tpm2_defs.py:495:33 - Unknown word (CPHASH)
C:\src\pytool\edk2-pytool-library\edk2toollib\tpm\tpm2_defs.py:534:28 - Unknown word (CPHASH)
C:\src\pytool\edk2-pytool-library\edk2toollib\tpm\tpm2_policy_calc_test.py:92:9 - Unknown word (phash)
C:\src\pytool\edk2-pytool-library\edk2toollib\tpm\tpm2_policy_calc_test.py:93:43 - Unknown word (phash)
C:\src\pytool\edk2-pytool-library\edk2toollib\tpm\tpm2_policy_calc_test.py:94:43 - Unknown word (phash)
C:\src\pytool\edk2-pytool-library\edk2toollib\tpm\tpm2_policy_calc_test.py:95:43 - Unknown word (phash)
C:\src\pytool\edk2-pytool-library\edk2toollib\tpm\tpm2_stream_test.py:2:58 - Unknown word (unmarshal)
C:\src\pytool\edk2-pytool-library\edk2toollib\tpm\tpm2_stream.py:2:58 - Unknown word (unmarshal)
C:\src\pytool\edk2-pytool-library\edk2toollib\uefi\authenticated_variables_structure_support.py:38:7 - Unknown word (decodefs)
C:\src\pytool\edk2-pytool-library\edk2toollib\uefi\authenticated_variables_structure_support.py:40:7 - Unknown word (createfs)
C:\src\pytool\edk2-pytool-library\edk2toollib\uefi\authenticated_variables_structure_support.py:42:24 - Unknown word (decodefs)
C:\src\pytool\edk2-pytool-library\edk2toollib\uefi\authenticated_variables_structure_support.py:42:53 - Unknown word (createfs)
C:\src\pytool\edk2-pytool-library\edk2toollib\uefi\authenticated_variables_structure_support.py:43:12 - Unknown word (decodefs)
C:\src\pytool\edk2-pytool-library\edk2toollib\uefi\authenticated_variables_structure_support.py:44:41 - Unknown word (decodefs)
C:\src\pytool\edk2-pytool-library\edk2toollib\uefi\authenticated_variables_structure_support.py:45:14 - Unknown word (createfs)
C:\src\pytool\edk2-pytool-library\edk2toollib\uefi\authenticated_variables_structure_support.py:48:21 - Unknown word (createfs)
C:\src\pytool\edk2-pytool-library\edk2toollib\uefi\bmp_object_test.py:19:16 - Unknown word (hexlify)
C:\src\pytool\edk2-pytool-library\edk2toollib\uefi\bmp_object.py:96:18 - Unknown word (Rsvd)
C:\src\pytool\edk2-pytool-library\edk2toollib\uefi\bmp_object.py:97:18 - Unknown word (Rsvd)
C:\src\pytool\edk2-pytool-library\edk2toollib\uefi\bmp_object.py:156:14 - Unknown word (Rsvd)
C:\src\pytool\edk2-pytool-library\edk2toollib\uefi\bmp_object.py:157:14 - Unknown word (Rsvd)
C:\src\pytool\edk2-pytool-library\edk2toollib\uefi\bmp_object.py:223:31 - Unknown word (RSVD)
C:\src\pytool\edk2-pytool-library\edk2toollib\uefi\bmp_object.py:224:31 - Unknown word (RSVD)
C:\src\pytool\edk2-pytool-library\edk2toollib\uefi\bmp_object.py:245:13 - Unknown word (ndbl)
C:\src\pytool\edk2-pytool-library\edk2toollib\uefi\bmp_object.py:246:36 - Unknown word (ndbl)
C:\src\pytool\edk2-pytool-library\edk2toollib\uefi\bmp_object.py:249:44 - Unknown word (ndbl)
C:\src\pytool\edk2-pytool-library\edk2toollib\uefi\bmp_object.py:256:13 - Unknown word (ndbl)
C:\src\pytool\edk2-pytool-library\edk2toollib\uefi\edk2\ftw_working_block_format.py:35:34 - Unknown word (LBBBBQ)
C:\src\pytool\edk2-pytool-library\edk2toollib\uefi\edk2\ftw_working_block_format.py:134:31 - Unknown word (BBBBLQQQQ)
C:\src\pytool\edk2-pytool-library\edk2toollib\uefi\edk2\guid_list_test.py:205:53 - Unknown word (infff)
C:\src\pytool\edk2-pytool-library\edk2toollib\uefi\edk2\guid_list_test.py:223:50 - Unknown word (myignore)
C:\src\pytool\edk2-pytool-library\edk2toollib\uefi\edk2\guid_list_test.py:224:48 - Unknown word (myignore)
C:\src\pytool\edk2-pytool-library\edk2toollib\uefi\edk2\guid_list_test.py:229:73 - Unknown word (myignore)
C:\src\pytool\edk2-pytool-library\edk2toollib\uefi\edk2\guid_list_test.py:234:50 - Unknown word (myignore)
C:\src\pytool\edk2-pytool-library\edk2toollib\uefi\edk2\guid_list.py:57:17 - Unknown word (newg)
C:\src\pytool\edk2-pytool-library\edk2toollib\uefi\edk2\guid_list.py:58:30 - Unknown word (newg)
C:\src\pytool\edk2-pytool-library\edk2toollib\uefi\edk2\parsers\base_parser.py:217:13 - Unknown word (retoken)
C:\src\pytool\edk2-pytool-library\edk2toollib\uefi\edk2\parsers\base_parser.py:220:56 - Unknown word (retoken)
C:\src\pytool\edk2-pytool-library\edk2toollib\uefi\edk2\parsers\base_parser.py:228:41 - Unknown word (retoken)
C:\src\pytool\edk2-pytool-library\edk2toollib\uefi\edk2\parsers\base_parser.py:245:45 - Unknown word (retoken)
C:\src\pytool\edk2-pytool-library\edk2toollib\uefi\edk2\parsers\buildreport_parser.py:92:25 - Unknown word (libi)
C:\src\pytool\edk2-pytool-library\edk2toollib\uefi\edk2\parsers\buildreport_parser.py:95:90 - Unknown word (libi)
C:\src\pytool\edk2-pytool-library\edk2toollib\uefi\edk2\parsers\buildreport_parser.py:99:52 - Unknown word (libi)
C:\src\pytool\edk2-pytool-library\edk2toollib\uefi\edk2\parsers\buildreport_parser.py:293:39 - Unknown word (FVDXE)
C:\src\pytool\edk2-pytool-library\edk2toollib\uefi\edk2\parsers\dec_parser_test.py:165:82 - Unknown word (interrrupt)
C:\src\pytool\edk2-pytool-library\edk2toollib\uefi\edk2\parsers\dsc_parser.py:47:13 - Unknown word (toks)
C:\src\pytool\edk2-pytool-library\edk2toollib\uefi\edk2\parsers\dsc_parser.py:48:87 - Unknown word (toks)
C:\src\pytool\edk2-pytool-library\edk2toollib\uefi\edk2\parsers\dsc_parser.py:49:32 - Unknown word (toks)
C:\src\pytool\edk2-pytool-library\edk2toollib\uefi\edk2\parsers\dsc_parser.py:181:13 - Unknown word (toks)
C:\src\pytool\edk2-pytool-library\edk2toollib\uefi\edk2\variable_format.py:48:34 - Unknown word (LBBHL)
C:\src\pytool\edk2-pytool-library\edk2toollib\uefi\edk2\variable_format.py:111:31 - Unknown word (HBBLLL)
C:\src\pytool\edk2-pytool-library\edk2toollib\uefi\edk2\variable_format.py:250:31 - Unknown word (HBBLQ)
C:\src\pytool\edk2-pytool-library\edk2toollib\uefi\fmp_capsule_header.py:56:29 - Unknown word (BIIQ)
C:\src\pytool\edk2-pytool-library\edk2toollib\uefi\pi_firmware_file.py:28:34 - Unknown word (HBBBBBB)
C:\src\pytool\edk2-pytool-library\edk2toollib\uefi\pi_firmware_volume.py:45:40 - Unknown word (LHHHBBQQ)
C:\src\pytool\edk2-pytool-library\edk2toollib\utility_functions.py:140:15 - Unknown word (commmand)
C:\src\pytool\edk2-pytool-library\edk2toollib\utility_functions.py:171:9 - Unknown word (outr)
C:\src\pytool\edk2-pytool-library\edk2toollib\utility_functions.py:172:9 - Unknown word (outr)
C:\src\pytool\edk2-pytool-library\edk2toollib\utility_functions.py:174:9 - Unknown word (outr)
C:\src\pytool\edk2-pytool-library\edk2toollib\utility_functions.py:272:46 - Unknown word (eixst)
C:\src\pytool\edk2-pytool-library\edk2toollib\utility_functions.py:352:41 - Unknown word (acount)
C:\src\pytool\edk2-pytool-library\edk2toollib\utility_functions.py:390:65 - Unknown word (criterea)
C:\src\pytool\edk2-pytool-library\edk2toollib\utility_functions.py:398:29 - Unknown word (isclass)
C:\src\pytool\edk2-pytool-library\edk2toollib\windows\capsule\cat_generator_test.py:88:22 - Unknown word (pathtotool)
C:\src\pytool\edk2-pytool-library\edk2toollib\windows\capsule\inf_generator.py:64:3 - Unknown word (localizable)
C:\src\pytool\edk2-pytool-library\edk2toollib\windows\capsule\inf_generator.py:70:7 - Unknown word (localizable)
C:\src\pytool\edk2-pytool-library\edk2toollib\windows\capsule\inf_generator.py:141:22 - Unknown word (esrtguid)
C:\src\pytool\edk2-pytool-library\edk2toollib\windows\capsule\inf_generator.py:147:15 - Unknown word (esrtguid)
C:\src\pytool\edk2-pytool-library\edk2toollib\windows\locate_tools.py:202:35 - Unknown word (keyes)
C:\src\pytool\edk2-pytool-library\edk2toollib\windows\locate_tools.py:292:23 - Unknown word (iglob)
C:\src\pytool\edk2-pytool-library\readme.md:16:48 - Unknown word (signtool)
C:\src\pytool\edk2-pytool-library\readme.md:82:15 - Unknown word (Toolchain)
